
******************************
*** SLEPc Solution Results ***
******************************

Number of iterations of the method: 3
Solution method: krylovschur
Number of requested eigenvalues: 10
Stopping condition: tol=1e-10, maxit=6470
START: Read in reservoir fields
END: Read in reservoir fields
Computing eigenvalues...
(10, 0, 0)
2.316683903654818e-05
0.02547653339028529
0.028693788565689018
0.0352278402216344
0.043484090808677975
0.045914718186090234
0.0513948549221582
0.06903962941176005
0.07236648837397783
0.09763468401339451
0.10102166393807843
