\BOOKMARK [0][]{titulo.0}{Face Page}{}
\BOOKMARK [0][]{cip.0}{Cataloging-in-Publication}{}
\BOOKMARK [0][]{aprovacao.0}{Thesis Committee Composition:}{}
\BOOKMARK [0][]{dedication.0}{Dedication}{}
\BOOKMARK [0][]{acknowledgment.0}{Acknowledgments}{}
\BOOKMARK [0][]{epigrafe.0}{Epigraph}{}
\BOOKMARK [0][]{resumo.0}{Resumo}{}
\BOOKMARK [0][]{abstract.0}{Abstract}{}
\BOOKMARK [0][]{contents.0}{Contents}{}
\BOOKMARK [0][]{chapter*.5}{List of Figures}{}
\BOOKMARK [0][]{chapter*.6}{List of Tables}{}
\BOOKMARK [0][]{chapter*.7}{List of Symbols}{}
\BOOKMARK [0][]{chapter.1}{1 Introduction}{}
\BOOKMARK [1][]{section.1.1}{1.1 Motivation}{chapter.1}
\BOOKMARK [1][]{section.1.2}{1.2 Objective}{chapter.1}
\BOOKMARK [1][]{section.1.3}{1.3 The Spray Jet and the Lagrangian Point-Particle Method}{chapter.1}
\BOOKMARK [1][]{section.1.4}{1.4 Low Mach Number Approximation}{chapter.1}
\BOOKMARK [1][]{section.1.5}{1.5 Droplet Evaporation}{chapter.1}
\BOOKMARK [1][]{section.1.6}{1.6 Turbulence and Droplet Submodels}{chapter.1}
\BOOKMARK [1][]{section.1.7}{1.7 Thesis Outline}{chapter.1}
\BOOKMARK [0][]{chapter.2}{2 Governing Equations}{}
\BOOKMARK [1][]{section.2.1}{2.1 Continuous \(Gaseous\) Phase}{chapter.2}
\BOOKMARK [2][]{subsection.2.1.1}{2.1.1 Fully Compressible Formulation}{section.2.1}
\BOOKMARK [2][]{subsection.2.1.2}{2.1.2 Non-Dimensional Equations}{section.2.1}
\BOOKMARK [2][]{subsection.2.1.3}{2.1.3 Low Mach Number Approximation}{section.2.1}
\BOOKMARK [2][]{subsection.2.1.4}{2.1.4 Turbulence Modeling}{section.2.1}
\BOOKMARK [3][]{subsubsection.2.1.4.1}{2.1.4.1 Mass and Species Equations}{subsection.2.1.4}
\BOOKMARK [3][]{subsubsection.2.1.4.2}{2.1.4.2 Momentum Equation}{subsection.2.1.4}
\BOOKMARK [3][]{subsubsection.2.1.4.3}{2.1.4.3 Sensible Enthalpy Equation}{subsection.2.1.4}
\BOOKMARK [3][]{subsubsection.2.1.4.4}{2.1.4.4 State Equation}{subsection.2.1.4}
\BOOKMARK [3][]{subsubsection.2.1.4.5}{2.1.4.5 Relation of Averaged Enthalpy and Temperature}{subsection.2.1.4}
\BOOKMARK [3][]{subsubsection.2.1.4.6}{2.1.4.6 Standard k-epsilon Turbulence Model}{subsection.2.1.4}
\BOOKMARK [2][]{subsection.2.1.5}{2.1.5 Boundary Conditions}{section.2.1}
\BOOKMARK [3][]{subsubsection.2.1.5.1}{2.1.5.1 Boundary Conditions of Turbulent Quantities}{subsection.2.1.5}
\BOOKMARK [1][]{section.2.2}{2.2 Dispersed \(Liquid\) Phase}{chapter.2}
\BOOKMARK [2][]{subsection.2.2.1}{2.2.1 Atomization or Primary Break-Up}{section.2.2}
\BOOKMARK [2][]{subsection.2.2.2}{2.2.2 Secondary Break-Up}{section.2.2}
\BOOKMARK [2][]{subsection.2.2.3}{2.2.3 Momentum Transfer}{section.2.2}
\BOOKMARK [2][]{subsection.2.2.4}{2.2.4 Heat and Mass Transfer}{section.2.2}
\BOOKMARK [3][]{subsubsection.2.2.4.1}{2.2.4.1 Gas-Droplet Heat Transfer}{subsection.2.2.4}
\BOOKMARK [3][]{subsubsection.2.2.4.2}{2.2.4.2 Mass Transfer}{subsection.2.2.4}
\BOOKMARK [2][]{subsection.2.2.5}{2.2.5 Droplets at Domain Boundaries}{section.2.2}
\BOOKMARK [2][]{subsection.2.2.6}{2.2.6 Droplet Dispersion}{section.2.2}
\BOOKMARK [0][]{chapter.3}{3 The Experiment of Chen, St\345rner and Masri}{}
\BOOKMARK [1][]{section.3.1}{3.1 Boundary Conditions for the Numerical Simulation}{chapter.3}
\BOOKMARK [2][]{subsection.3.1.1}{3.1.1 Nozzle}{section.3.1}
\BOOKMARK [3][]{subsubsection.3.1.1.1}{3.1.1.1 Liquid Phase:}{subsection.3.1.1}
\BOOKMARK [3][]{subsubsection.3.1.1.2}{3.1.1.2 Gas Phase:}{subsection.3.1.1}
\BOOKMARK [2][]{subsection.3.1.2}{3.1.2 Coflow}{section.3.1}
\BOOKMARK [2][]{subsection.3.1.3}{3.1.3 Far-field}{section.3.1}
\BOOKMARK [1][]{section.3.2}{3.2 Species Equations}{chapter.3}
\BOOKMARK [0][]{chapter.4}{4 Numerical Solution and Computational Details}{}
\BOOKMARK [1][]{section.4.1}{4.1 Numerical Solution of Equations}{chapter.4}
\BOOKMARK [2][]{subsection.4.1.1}{4.1.1 The OpenFOAM Code}{section.4.1}
\BOOKMARK [1][]{section.4.2}{4.2 Aspects of the Numerical Solution}{chapter.4}
\BOOKMARK [2][]{subsection.4.2.1}{4.2.1 Discretization of the Governing Equations}{section.4.2}
\BOOKMARK [2][]{subsection.4.2.2}{4.2.2 Domain Discretization \(The Numerical Grid\)}{section.4.2}
\BOOKMARK [0][]{chapter.5}{5 Results and Discussions}{}
\BOOKMARK [1][]{section.5.1}{5.1 The Turbulent Round jet}{chapter.5}
\BOOKMARK [1][]{section.5.2}{5.2 Gas and Droplet Velocities and Droplet Dispersion}{chapter.5}
\BOOKMARK [1][]{section.5.3}{5.3 Liquid Mass Flow Rate and Vapor Mass Fluxes}{chapter.5}
\BOOKMARK [0][]{chapter.6}{6 Conclusions}{}
\BOOKMARK [0][]{chapter.7}{Bibliography}{}
\BOOKMARK [0][]{appendix.A}{A Appendix}{}
\BOOKMARK [1][]{section.A.1}{A.1 Sensible Enthalpy Equation}{appendix.A}
\BOOKMARK [1][]{section.A.2}{A.2 Extra Figures}{appendix.A}
\BOOKMARK [1][]{section.A.3}{A.3 Equation Discretization and PISO Algorithm}{appendix.A}
\BOOKMARK [0][]{appendix.B}{Glossary}{}
\BOOKMARK [0][]{bla.0}{Folha de Registro do Documento}{}
