This is pdfTeX, Version 3.1415926-1.40.10 (TeX Live 2009/Debian) (format=pdflatex 2012.4.19)  28 OCT 2012 16:10
entering extended mode
 %&-line parsing enabled.
**paper.tex
(./paper.tex
LaTeX2e <2009/09/24>
Babel <v3.8l> and hyphenation patterns for english, usenglishmax, dumylang, noh
yphenation, portuguese, loaded.
(/usr/share/texmf-texlive/tex/latex/base/article.cls
Document Class: article 2007/10/19 v1.4h Standard LaTeX document class
(/usr/share/texmf-texlive/tex/latex/base/size12.clo
File: size12.clo 2007/10/19 v1.4h Standard LaTeX file (size option)
)
\c@part=\count79
\c@section=\count80
\c@subsection=\count81
\c@subsubsection=\count82
\c@paragraph=\count83
\c@subparagraph=\count84
\c@figure=\count85
\c@table=\count86
\abovecaptionskip=\skip41
\belowcaptionskip=\skip42
\bibindent=\dimen102
)
(/usr/share/texmf-texlive/tex/latex/geometry/geometry.sty
Package: geometry 2008/12/21 v4.2 Page Geometry

(/usr/share/texmf-texlive/tex/latex/graphics/keyval.sty
Package: keyval 1999/03/16 v1.13 key=value parser (DPC)
\KV@toks@=\toks14
)
(/usr/share/texmf-texlive/tex/generic/oberdiek/ifpdf.sty
Package: ifpdf 2009/04/10 v2.0 Provides the ifpdf switch (HO)
Package ifpdf Info: pdfTeX in pdf mode detected.
)
(/usr/share/texmf-texlive/tex/generic/oberdiek/ifvtex.sty
Package: ifvtex 2008/11/04 v1.4 Switches for detecting VTeX and its modes (HO)
Package ifvtex Info: VTeX not detected.
)
\Gm@cnth=\count87
\Gm@cntv=\count88
\c@Gm@tempcnt=\count89
\Gm@bindingoffset=\dimen103
\Gm@wd@mp=\dimen104
\Gm@odd@mp=\dimen105
\Gm@even@mp=\dimen106
\Gm@dimlist=\toks15
)
(/usr/share/texmf-texlive/tex/latex/amsmath/amsmath.sty
Package: amsmath 2000/07/18 v2.13 AMS math features
\@mathmargin=\skip43

For additional information on amsmath, use the `?' option.
(/usr/share/texmf-texlive/tex/latex/amsmath/amstext.sty
Package: amstext 2000/06/29 v2.01

(/usr/share/texmf-texlive/tex/latex/amsmath/amsgen.sty
File: amsgen.sty 1999/11/30 v2.0
\@emptytoks=\toks16
\ex@=\dimen107
))
(/usr/share/texmf-texlive/tex/latex/amsmath/amsbsy.sty
Package: amsbsy 1999/11/29 v1.2d
\pmbraise@=\dimen108
)
(/usr/share/texmf-texlive/tex/latex/amsmath/amsopn.sty
Package: amsopn 1999/12/14 v2.01 operator names
)
\inf@bad=\count90
LaTeX Info: Redefining \frac on input line 211.
\uproot@=\count91
\leftroot@=\count92
LaTeX Info: Redefining \overline on input line 307.
\classnum@=\count93
\DOTSCASE@=\count94
LaTeX Info: Redefining \ldots on input line 379.
LaTeX Info: Redefining \dots on input line 382.
LaTeX Info: Redefining \cdots on input line 467.
\Mathstrutbox@=\box26
\strutbox@=\box27
\big@size=\dimen109
LaTeX Font Info:    Redeclaring font encoding OML on input line 567.
LaTeX Font Info:    Redeclaring font encoding OMS on input line 568.
\macc@depth=\count95
\c@MaxMatrixCols=\count96
\dotsspace@=\muskip10
\c@parentequation=\count97
\dspbrk@lvl=\count98
\tag@help=\toks17
\row@=\count99
\column@=\count100
\maxfields@=\count101
\andhelp@=\toks18
\eqnshift@=\dimen110
\alignsep@=\dimen111
\tagshift@=\dimen112
\tagwidth@=\dimen113
\totwidth@=\dimen114
\lineht@=\dimen115
\@envbody=\toks19
\multlinegap=\skip44
\multlinetaggap=\skip45
\mathdisplay@stack=\toks20
LaTeX Info: Redefining \[ on input line 2666.
LaTeX Info: Redefining \] on input line 2667.
)
(/usr/share/texmf-texlive/tex/latex/amscls/amsthm.sty
Package: amsthm 2004/08/06 v2.20
\thm@style=\toks21
\thm@bodyfont=\toks22
\thm@headfont=\toks23
\thm@notefont=\toks24
\thm@headpunct=\toks25
\thm@preskip=\skip46
\thm@postskip=\skip47
\thm@headsep=\skip48
\dth@everypar=\toks26
)
(/usr/share/texmf-texlive/tex/latex/graphics/graphicx.sty
Package: graphicx 1999/02/16 v1.0f Enhanced LaTeX Graphics (DPC,SPQR)

(/usr/share/texmf-texlive/tex/latex/graphics/graphics.sty
Package: graphics 2009/02/05 v1.0o Standard LaTeX Graphics (DPC,SPQR)

(/usr/share/texmf-texlive/tex/latex/graphics/trig.sty
Package: trig 1999/03/16 v1.09 sin cos tan (DPC)
)
(/etc/texmf/tex/latex/config/graphics.cfg
File: graphics.cfg 2009/08/28 v1.8 graphics configuration of TeX Live
)
Package graphics Info: Driver file: pdftex.def on input line 91.

(/usr/share/texmf-texlive/tex/latex/pdftex-def/pdftex.def
File: pdftex.def 2010/03/12 v0.04p Graphics/color for pdfTeX
\Gread@gobject=\count102
))
\Gin@req@height=\dimen116
\Gin@req@width=\dimen117
)
(/usr/share/texmf-texlive/tex/latex/setspace/setspace.sty
Package: setspace 2000/12/01 6.7 Contributed and Supported LaTeX2e package

Package: `setspace' 6.7 <2000/12/01>
)
\c@theorem=\count103
 (./paper.aux)
\openout1 = `paper.aux'.

LaTeX Font Info:    Checking defaults for OML/cmm/m/it on input line 15.
LaTeX Font Info:    ... okay on input line 15.
LaTeX Font Info:    Checking defaults for T1/cmr/m/n on input line 15.
LaTeX Font Info:    ... okay on input line 15.
LaTeX Font Info:    Checking defaults for OT1/cmr/m/n on input line 15.
LaTeX Font Info:    ... okay on input line 15.
LaTeX Font Info:    Checking defaults for OMS/cmsy/m/n on input line 15.
LaTeX Font Info:    ... okay on input line 15.
LaTeX Font Info:    Checking defaults for OMX/cmex/m/n on input line 15.
LaTeX Font Info:    ... okay on input line 15.
LaTeX Font Info:    Checking defaults for U/cmr/m/n on input line 15.
LaTeX Font Info:    ... okay on input line 15.

*geometry auto-detecting driver*
*geometry detected driver: pdftex*
-------------------- Geometry parameters
paper: a4paper
landscape: --
twocolumn: --
twoside: --
asymmetric: --
h-parts: 72.26999pt, 452.9679pt, 72.26999pt
v-parts: 72.26999pt, 700.50687pt, 72.26999pt
hmarginratio: --
vmarginratio: --
lines: --
heightrounded: --
bindingoffset: 0.0pt
truedimen: --
includehead: --
includefoot: --
includemp: --
driver: pdftex
-------------------- Page layout dimensions and switches
\paperwidth  597.50787pt
\paperheight 845.04684pt
\textwidth  452.9679pt
\textheight 700.50687pt
\oddsidemargin  0.0pt
\evensidemargin 0.0pt
\topmargin  -37.0pt
\headheight 12.0pt
\headsep    25.0pt
\footskip   30.0pt
\marginparwidth 35.0pt
\marginparsep   10.0pt
\columnsep  10.0pt
\skip\footins  10.8pt plus 4.0pt minus 2.0pt
\hoffset 0.0pt
\voffset 0.0pt
\mag 1000

(1in=72.27pt, 1cm=28.45pt)
-----------------------
(/usr/share/texmf-texlive/tex/context/base/supp-pdf.mkii
[Loading MPS to PDF converter (version 2006.09.02).]
\scratchcounter=\count104
\scratchdimen=\dimen118
\scratchbox=\box28
\nofMPsegments=\count105
\nofMParguments=\count106
\everyMPshowfont=\toks27
\MPscratchCnt=\count107
\MPscratchDim=\dimen119
\MPnumerator=\count108
\everyMPtoPDFconversion=\toks28
) [1

{/var/lib/texmf/fonts/map/pdftex/updmap/pdftex.map}] [2]
Overfull \hbox (29.6951pt too wide) in paragraph at lines 42--42
[]\OT1/cmr/bx/n/17.28 EXPERIMENTAL SET-UP AND MEA-SURE-
 []

[3] <./imgs/bench.pdf, id=20, 722.7pt x 478.78876pt>
File: ./imgs/bench.pdf Graphic file (type pdf)
 <use ./imgs/bench.pdf>
[4 <./imgs/bench.pdf, page is rotated 90 degrees>]
<./imgs/density.pdf, id=44, 523.9575pt x 523.9575pt>
File: ./imgs/density.pdf Graphic file (type pdf)
 <use ./imgs/density.pdf>

LaTeX Warning: `h' float specifier changed to `ht'.

[5]
Overfull \hbox (7.21819pt too wide) in paragraph at lines 80--81
\OT1/cmr/m/n/10.95 field, a vec-tor formed by the three ve-loc-ity com-po-nents
 $\OT1/cmr/bx/n/10.95 U[]\OT1/cmr/m/n/10.95 (\OT1/cmr/bx/n/10.95 x\OT1/cmr/m/n/
10.95 ) = (\OML/cmm/m/it/10.95 u[]\OT1/cmr/m/n/10.95 (\OT1/cmr/bx/n/10.95 x\OT1
/cmr/m/n/10.95 )\OML/cmm/m/it/10.95 ; u[]\OT1/cmr/m/n/10.95 (\OT1/cmr/bx/n/10.9
5 x\OT1/cmr/m/n/10.95 )\OML/cmm/m/it/10.95 ; u[]\OT1/cmr/m/n/10.95 (\OT1/cmr/bx
/n/10.95 x\OT1/cmr/m/n/10.95 ))$.
 []

[6 <./imgs/density.pdf, page is rotated 90 degrees>] [7] [8]
Overfull \hbox (58.74939pt too wide) detected at line 152
[]
 []


Overfull \hbox (6.18515pt too wide) in paragraph at lines 154--155
\OT1/cmr/m/n/10.95 adjoint com-pact op-er-a-tor, $\OT1/cmr/bx/n/10.95 A$\OT1/cm
r/m/n/10.95 , on a Hilbert space $\OML/cmm/m/it/10.95 L[]\OT1/cmr/m/n/10.95 (
)$, $\OML/cmm/m/it/10.95 ^^U \OT1/cmr/m/n/10.95 = \OML/cmm/m/it/10.95 max []$
 []

[9] [10] <./imgs/energy_spectra.pdf, id=80, 505.89pt x 361.35pt>
File: ./imgs/energy_spectra.pdf Graphic file (type pdf)

<use ./imgs/energy_spectra.pdf>
<./imgs/cumulative_energy.pdf, id=81, 505.89pt x 361.35pt>
File: ./imgs/cumulative_energy.pdf Graphic file (type pdf)

<use ./imgs/cumulative_energy.pdf>
Overfull \hbox (24.0pt too wide) in paragraph at lines 253--257
[][] 
 []

<./imgs/scania-modes.png, id=82, 1027.84pt x 411.5375pt>
File: ./imgs/scania-modes.png Graphic file (type png)

<use ./imgs/scania-modes.png> [11 <./imgs/energy_spectra.pdf> <./imgs/cumulativ
e_energy.pdf>] [12 <./imgs/scania-modes.png>]
<./imgs/scania-vs-sygma.png, id=127, 652.4375pt x 337.26pt>
File: ./imgs/scania-vs-sygma.png Graphic file (type png)

<use ./imgs/scania-vs-sygma.png>
<./imgs/energy1.pdf, id=128, 505.89pt x 361.35pt>
File: ./imgs/energy1.pdf Graphic file (type pdf)
 <use ./imgs/energy1.pdf>
<./imgs/energy2.pdf, id=129, 505.89pt x 361.35pt>
File: ./imgs/energy2.pdf Graphic file (type pdf)
 <use ./imgs/energy2.pdf>
<./imgs/energy3.pdf, id=130, 505.89pt x 361.35pt>
File: ./imgs/energy3.pdf Graphic file (type pdf)
 <use ./imgs/energy3.pdf>
<./imgs/energy4.pdf, id=131, 505.89pt x 361.35pt>
File: ./imgs/energy4.pdf Graphic file (type pdf)
 <use ./imgs/energy4.pdf>
<./imgs/energy5.pdf, id=132, 505.89pt x 361.35pt>
File: ./imgs/energy5.pdf Graphic file (type pdf)
 <use ./imgs/energy5.pdf>
<./imgs/energy6.pdf, id=133, 505.89pt x 361.35pt>
File: ./imgs/energy6.pdf Graphic file (type pdf)
 <use ./imgs/energy6.pdf>
Overfull \hbox (24.0pt too wide) in paragraph at lines 289--297
[][] 
 []


LaTeX Warning: `h' float specifier changed to `ht'.

<./imgs/Lz_H1L2.pdf, id=134, 505.89pt x 361.35pt>
File: ./imgs/Lz_H1L2.pdf Graphic file (type pdf)
 <use ./imgs/Lz_H1L2.pdf>
<./imgs/Lz_H1L12.pdf, id=135, 505.89pt x 361.35pt>
File: ./imgs/Lz_H1L12.pdf Graphic file (type pdf)
 <use ./imgs/Lz_H1L12.pdf>
<./imgs/Lz_H2L12.pdf, id=136, 505.89pt x 361.35pt>
File: ./imgs/Lz_H2L12.pdf Graphic file (type pdf)
 <use ./imgs/Lz_H2L12.pdf>
<./imgs/Lz_H3L12.pdf, id=137, 505.89pt x 361.35pt>
File: ./imgs/Lz_H3L12.pdf Graphic file (type pdf)
 <use ./imgs/Lz_H3L12.pdf>
<./imgs/Lz_H4L2.pdf, id=138, 505.89pt x 361.35pt>
File: ./imgs/Lz_H4L2.pdf Graphic file (type pdf)
 <use ./imgs/Lz_H4L2.pdf>
<./imgs/Lz_H4L12.pdf, id=139, 505.89pt x 361.35pt>
File: ./imgs/Lz_H4L12.pdf Graphic file (type pdf)
 <use ./imgs/Lz_H4L12.pdf>
Overfull \hbox (24.0pt too wide) in paragraph at lines 303--311
[][] 
 []


LaTeX Warning: `h' float specifier changed to `ht'.

[13 <./imgs/scania-vs-sygma.png>] [14 <./imgs/energy1.pdf> <./imgs/energy2.pdf>
 <./imgs/energy3.pdf> <./imgs/energy4.pdf> <./imgs/energy5.pdf> <./imgs/energy6
.pdf>] [15 <./imgs/Lz_H1L2.pdf> <./imgs/Lz_H1L12.pdf> <./imgs/Lz_H2L12.pdf> <./
imgs/Lz_H3L12.pdf> <./imgs/Lz_H4L2.pdf> <./imgs/Lz_H4L12.pdf>]
Underfull \hbox (badness 3199) in paragraph at lines 335--336
[]\OT1/cmr/m/n/10.95 Bergmann M. and Cordier L., 2003, "Post-
 []

[16

] [17] [18] (./paper.aux) ) 
Here is how much of TeX's memory you used:
 2151 strings out of 495041
 27727 string characters out of 1181897
 85803 words of memory out of 3000000
 5323 multiletter control sequences out of 15000+50000
 12041 words of font info for 43 fonts, out of 3000000 for 9000
 30 hyphenation exceptions out of 8191
 27i,18n,32p,1054b,305s stack positions out of 5000i,500n,10000p,200000b,50000s
</usr/share/texmf-texlive/fonts/type1/public/amsfont
s/cm/cmbx10.pfb></usr/share/texmf-texlive/fonts/type1/public/amsfonts/cm/cmbx12
.pfb></usr/share/texmf-texlive/fonts/type1/public/amsfonts/cm/cmex10.pfb></usr/
share/texmf-texlive/fonts/type1/public/amsfonts/cm/cmmi10.pfb></usr/share/texmf
-texlive/fonts/type1/public/amsfonts/cm/cmmi12.pfb></usr/share/texmf-texlive/fo
nts/type1/public/amsfonts/cm/cmmi6.pfb></usr/share/texmf-texlive/fonts/type1/pu
blic/amsfonts/cm/cmmi8.pfb></usr/share/texmf-texlive/fonts/type1/public/amsfont
s/cm/cmr10.pfb></usr/share/texmf-texlive/fonts/type1/public/amsfonts/cm/cmr12.p
fb></usr/share/texmf-texlive/fonts/type1/public/amsfonts/cm/cmr17.pfb></usr/sha
re/texmf-texlive/fonts/type1/public/amsfonts/cm/cmr6.pfb></usr/share/texmf-texl
ive/fonts/type1/public/amsfonts/cm/cmr8.pfb></usr/share/texmf-texlive/fonts/typ
e1/public/amsfonts/cm/cmsy10.pfb></usr/share/texmf-texlive/fonts/type1/public/a
msfonts/cm/cmsy8.pfb></usr/share/texmf-texlive/fonts/type1/public/amsfonts/cm/c
mti10.pfb></usr/share/texmf-texlive/fonts/type1/urw/symbol/usyr.pfb></usr/share
/texmf-texlive/fonts/type1/urw/times/utmr8a.pfb></usr/share/texmf-texlive/fonts
/type1/urw/times/utmri8a.pfb>
Output written on paper.pdf (18 pages, 2395406 bytes).
PDF statistics:
 369 PDF objects out of 1000 (max. 8388607)
 0 named destinations out of 1000 (max. 500000)
 91 words of extra memory for PDF output out of 10000 (max. 10000000)

