This is pdfTeX, Version 3.1415926-1.40.10 (TeX Live 2009/Debian) (format=pdflatex 2011.10.12)  18 DEC 2011 17:13
entering extended mode
 %&-line parsing enabled.
**paper.tex
(./paper.tex
LaTeX2e <2009/09/24>
Babel <v3.8l> and hyphenation patterns for english, usenglishmax, dumylang, noh
yphenation, loaded.
(./elsarticle.cls
Document Class: elsarticle 2009/09/17, 1.20b: Elsevier Ltd
\@bls=\dimen102
(/usr/share/texmf-texlive/tex/latex/base/article.cls
Document Class: article 2007/10/19 v1.4h Standard LaTeX document class
(/usr/share/texmf-texlive/tex/latex/base/size12.clo
File: size12.clo 2007/10/19 v1.4h Standard LaTeX file (size option)
)
\c@part=\count79
\c@section=\count80
\c@subsection=\count81
\c@subsubsection=\count82
\c@paragraph=\count83
\c@subparagraph=\count84
\c@figure=\count85
\c@table=\count86
\abovecaptionskip=\skip41
\belowcaptionskip=\skip42
\bibindent=\dimen103
)
(/usr/share/texmf-texlive/tex/latex/graphics/graphicx.sty
Package: graphicx 1999/02/16 v1.0f Enhanced LaTeX Graphics (DPC,SPQR)

(/usr/share/texmf-texlive/tex/latex/graphics/keyval.sty
Package: keyval 1999/03/16 v1.13 key=value parser (DPC)
\KV@toks@=\toks14
)
(/usr/share/texmf-texlive/tex/latex/graphics/graphics.sty
Package: graphics 2009/02/05 v1.0o Standard LaTeX Graphics (DPC,SPQR)

(/usr/share/texmf-texlive/tex/latex/graphics/trig.sty
Package: trig 1999/03/16 v1.09 sin cos tan (DPC)
)
(/etc/texmf/tex/latex/config/graphics.cfg
File: graphics.cfg 2009/08/28 v1.8 graphics configuration of TeX Live
)
Package graphics Info: Driver file: pdftex.def on input line 91.

(/usr/share/texmf-texlive/tex/latex/pdftex-def/pdftex.def
File: pdftex.def 2010/03/12 v0.04p Graphics/color for pdfTeX
\Gread@gobject=\count87
))
\Gin@req@height=\dimen104
\Gin@req@width=\dimen105
)
(/usr/share/texmf-texlive/tex/latex/psnfss/pifont.sty
Package: pifont 2005/04/12 PSNFSS-v9.2a Pi font support (SPQR) 
LaTeX Font Info:    Try loading font information for U+pzd on input line 63.

(/usr/share/texmf-texlive/tex/latex/psnfss/upzd.fd
File: upzd.fd 2001/06/04 font definitions for U/pzd.
)
LaTeX Font Info:    Try loading font information for U+psy on input line 64.

(/usr/share/texmf-texlive/tex/latex/psnfss/upsy.fd
File: upsy.fd 2001/06/04 font definitions for U/psy.
))
\c@tnote=\count88
\c@fnote=\count89
\c@cnote=\count90
\c@ead=\count91
\c@author=\count92
\@eadauthor=\toks15
\c@affn=\count93
\absbox=\box26
\keybox=\box27
\Columnwidth=\dimen106
\space@left=\dimen107
\els@boxa=\box28
\els@boxb=\box29
\leftMargin=\dimen108
\@enLab=\toks16
\@sep=\skip43
\@@sep=\skip44
 (./paper.spl)
(/usr/share/texmf-texlive/tex/latex/natbib/natbib.sty
Package: natbib 2009/07/16 8.31 (PWD, AO)
\bibhang=\skip45
\bibsep=\skip46
LaTeX Info: Redefining \cite on input line 694.
\c@NAT@ctr=\count94
)
\splwrite=\write3
\openout3 = `paper.spl'.

\appnamewidth=\dimen109
)
(/usr/share/texmf-texlive/tex/latex/amsfonts/amssymb.sty
Package: amssymb 2009/06/22 v3.00

(/usr/share/texmf-texlive/tex/latex/amsfonts/amsfonts.sty
Package: amsfonts 2009/06/22 v3.00 Basic AMSFonts support
\@emptytoks=\toks17
\symAMSa=\mathgroup4
\symAMSb=\mathgroup5
LaTeX Font Info:    Overwriting math alphabet `\mathfrak' in version `bold'
(Font)                  U/euf/m/n --> U/euf/b/n on input line 96.
))
(/usr/share/texmf-texlive/tex/latex/amsmath/amsmath.sty
Package: amsmath 2000/07/18 v2.13 AMS math features
\@mathmargin=\skip47

For additional information on amsmath, use the `?' option.
(/usr/share/texmf-texlive/tex/latex/amsmath/amstext.sty
Package: amstext 2000/06/29 v2.01

(/usr/share/texmf-texlive/tex/latex/amsmath/amsgen.sty
File: amsgen.sty 1999/11/30 v2.0
\@emptytoks=\toks18
\ex@=\dimen110
))
(/usr/share/texmf-texlive/tex/latex/amsmath/amsbsy.sty
Package: amsbsy 1999/11/29 v1.2d
\pmbraise@=\dimen111
)
(/usr/share/texmf-texlive/tex/latex/amsmath/amsopn.sty
Package: amsopn 1999/12/14 v2.01 operator names
)
\inf@bad=\count95
LaTeX Info: Redefining \frac on input line 211.
\uproot@=\count96
\leftroot@=\count97
LaTeX Info: Redefining \overline on input line 307.
\classnum@=\count98
\DOTSCASE@=\count99
LaTeX Info: Redefining \ldots on input line 379.
LaTeX Info: Redefining \dots on input line 382.
LaTeX Info: Redefining \cdots on input line 467.
\Mathstrutbox@=\box30
\strutbox@=\box31
\big@size=\dimen112
LaTeX Font Info:    Redeclaring font encoding OML on input line 567.
LaTeX Font Info:    Redeclaring font encoding OMS on input line 568.
\macc@depth=\count100
\c@MaxMatrixCols=\count101
\dotsspace@=\muskip10
\c@parentequation=\count102
\dspbrk@lvl=\count103
\tag@help=\toks19
\row@=\count104
\column@=\count105
\maxfields@=\count106
\andhelp@=\toks20
\eqnshift@=\dimen113
\alignsep@=\dimen114
\tagshift@=\dimen115
\tagwidth@=\dimen116
\totwidth@=\dimen117
\lineht@=\dimen118
\@envbody=\toks21
\multlinegap=\skip48
\multlinetaggap=\skip49
\mathdisplay@stack=\toks22
LaTeX Info: Redefining \[ on input line 2666.
LaTeX Info: Redefining \] on input line 2667.
)
(/usr/share/texmf-texlive/tex/latex/subfig/subfig.sty
Package: subfig 2005/06/28 ver: 1.3 subfig package

(/usr/share/texmf-texlive/tex/latex/caption/caption.sty
Package: caption 2009/10/09 v3.1k Customizing captions (AR)

(/usr/share/texmf-texlive/tex/latex/caption/caption3.sty
Package: caption3 2009/10/09 v3.1k caption3 kernel (AR)
\captionmargin=\dimen119
\captionmargin@=\dimen120
\captionwidth=\dimen121
\caption@indent=\dimen122
\caption@parindent=\dimen123
\caption@hangindent=\dimen124
Package caption Info: Unknown document class (or package),
(caption)             standard defaults will be used on input line 1068.
)

Package caption Warning: Unsupported document class (or package) detected,
(caption)                usage of the caption package is not recommended.
See the caption package documentation for explanation.

Package caption Info: \@makecaption = \long macro:#1#2->\vskip \abovecaptionski
p \footnotesize \sbox \@tempboxa {#1: #2}\ifdim \wd \@tempboxa >\hsize #1: #2\p
ar \else \global \@minipagefalse \hb@xt@ \hsize {\hfil \box \@tempboxa \hfil }\
fi \vskip \belowcaptionskip .
\c@ContinuedFloat=\count107
)
\c@KVtest=\count108
\sf@farskip=\skip50
\sf@captopadj=\dimen125
\sf@capskip=\skip51
\sf@nearskip=\skip52
\c@subfigure=\count109
\c@subfigure@save=\count110
\c@lofdepth=\count111
\c@subtable=\count112
\c@subtable@save=\count113
\c@lotdepth=\count114
\sf@top=\skip53
\sf@bottom=\skip54
) (/usr/share/texmf-texlive/tex/latex/endfloat/endfloat.sty
Package: endfloat 1995/10/11 v2.4i LaTeX2e package puts figures and tables at e
nd (jdm)
\c@postfig=\count115
\efloat@postfff=\write4
\@ef@fffopen=\count116
\c@posttbl=\count117
\efloat@postttt=\write5
\@ef@tttopen=\count118
)
(./numcompress.sty
\xx=\write6
\openout6 = `tmpbib.tex'.

) (/usr/share/texmf-texlive/tex/latex/amscls/amsthm.sty
Package: amsthm 2004/08/06 v2.20
\thm@style=\toks23
\thm@bodyfont=\toks24
\thm@headfont=\toks25
\thm@notefont=\toks26
\thm@headpunct=\toks27
\thm@preskip=\skip55
\thm@postskip=\skip56
\thm@headsep=\skip57
\dth@everypar=\toks28
LaTeX Info: Redefining \qed on input line 283.
)
(./paper.aux)
\openout1 = `paper.aux'.

LaTeX Font Info:    Checking defaults for OML/cmm/m/it on input line 87.
LaTeX Font Info:    ... okay on input line 87.
LaTeX Font Info:    Checking defaults for T1/cmr/m/n on input line 87.
LaTeX Font Info:    ... okay on input line 87.
LaTeX Font Info:    Checking defaults for OT1/cmr/m/n on input line 87.
LaTeX Font Info:    ... okay on input line 87.
LaTeX Font Info:    Checking defaults for OMS/cmsy/m/n on input line 87.
LaTeX Font Info:    ... okay on input line 87.
LaTeX Font Info:    Checking defaults for OMX/cmex/m/n on input line 87.
LaTeX Font Info:    ... okay on input line 87.
LaTeX Font Info:    Checking defaults for U/cmr/m/n on input line 87.
LaTeX Font Info:    ... okay on input line 87.
 (/usr/share/texmf-texlive/tex/context/base/supp-pdf.mkii
[Loading MPS to PDF converter (version 2006.09.02).]
\scratchcounter=\count119
\scratchdimen=\dimen126
\scratchbox=\box32
\nofMPsegments=\count120
\nofMParguments=\count121
\everyMPshowfont=\toks29
\MPscratchCnt=\count122
\MPscratchDim=\dimen127
\MPnumerator=\count123
\everyMPtoPDFconversion=\toks30
)
Package caption Info: Begin \AtBeginDocument code.
Package caption3 Info: subfig package 1.2 or 1.3 is loaded.
LaTeX Info: Redefining \subref on input line 87.
Package caption Info: End \AtBeginDocument code.
LaTeX Font Info:    Try loading font information for U+msa on input line 138.
 (/usr/share/texmf-texlive/tex/latex/amsfonts/umsa.fd
File: umsa.fd 2009/06/22 v3.00 AMS symbols A
)
LaTeX Font Info:    Try loading font information for U+msb on input line 138.

(/usr/share/texmf-texlive/tex/latex/amsfonts/umsb.fd
File: umsb.fd 2009/06/22 v3.00 AMS symbols B
) [1


{/var/lib/texmf/fonts/map/pdftex/updmap/pdftex.map}]
Overfull \hbox (44.99101pt too wide) in paragraph at lines 168--193
[][] 
 []

[2]
Overfull \hbox (72.65077pt too wide) in paragraph at lines 196--214
[][] 
 []

[3]
Overfull \hbox (0.15033pt too wide) in paragraph at lines 217--225
[][] 
 []

[4] [5] [6] [7] [8] [9] [10]
LaTeX Font Info:    Try loading font information for OMS+cmr on input line 383.

 (/usr/share/texmf-texlive/tex/latex/base/omscmr.fd
File: omscmr.fd 1999/05/25 v2.5h Standard LaTeX font definitions
)
LaTeX Font Info:    Font shape `OMS/cmr/m/n' in size <12> not available
(Font)              Font shape `OMS/cmsy/m/n' tried instead on input line 383.
 [11] [12] [13] [14] [15] [16] [17] (./paper.bbl [18] [19] [20] [21]) [22]
(./paper.lof [23])
\tf@lof=\write7
\openout7 = `paper.lof'.

 [24]
\openout5 = `paper.ttt'.

 (paper.ttt)
\openout4 = `paper.fff'.

 (paper.fff)
AED endfloat: Processing end Figures and Tables (./paper.fff
<../thesis/figuras/chap3/setup.png, id=93, 647.41875pt x 677.53125pt>
File: ../thesis/figuras/chap3/setup.png Graphic file (type png)

<use ../thesis/figuras/chap3/setup.png> [25 <../thesis/figuras/chap3/setup.png>
]
<../thesis/figuras/chap5/selfsimilar/selfsimilar_U.png, id=100, 578.16pt x 356.
2911pt>
File: ../thesis/figuras/chap5/selfsimilar/selfsimilar_U.png Graphic file (type 
png)
 <use ../thesis/figuras/chap5/selfsimilar/selfsimilar_U.png>
<../thesis/figuras/chap5/selfsimilar/selfsimilar_k.png, id=101, 578.16pt x 356.
2911pt>
File: ../thesis/figuras/chap5/selfsimilar/selfsimilar_k.png Graphic file (type 
png)
 <use ../thesis/figuras/chap5/selfsimilar/selfsimilar_k.png>
<../thesis/figuras/chap5/selfsimilar/selfsimilar_nut.png, id=102, 578.16pt x 35
6.2911pt>
File: ../thesis/figuras/chap5/selfsimilar/selfsimilar_nut.png Graphic file (typ
e png)
 <use ../thesis/figuras/chap5/selfsimilar/selfsimilar_nut.png>
Overfull \hbox (24.0pt too wide) in paragraph at lines 14--19
 [][] 
 []

[26



 <../thesis/figuras/chap5/selfsimilar/selfsimilar_U.png> <../thesis/figuras/cha
p5/selfsimilar/selfsimilar_k.png> <../thesis/figuras/chap5/selfsimilar/selfsimi
lar_nut.png>]
<../thesis/figuras/chap5/selfsimilar/selfsimilar_spread.png, id=110, 578.16pt x
 356.2911pt>
File: ../thesis/figuras/chap5/selfsimilar/selfsimilar_spread.png Graphic file (
type png)
 <use ../thesis/figuras/chap5/selfsimilar/selfsimilar_spread.png>
<../thesis/figuras/chap5/selfsimilar/selfsimilar_num_exp.png, id=111, 578.16pt 
x 356.2911pt>
File: ../thesis/figuras/chap5/selfsimilar/selfsimilar_num_exp.png Graphic file 
(type png)

<use ../thesis/figuras/chap5/selfsimilar/selfsimilar_num_exp.png>
Overfull \hbox (24.0pt too wide) in paragraph at lines 27--30
 [][] 
 []

[27

 <../thesis/figuras/chap5/selfsimilar/selfsimilar_spread.png> <../thesis/figura
s/chap5/selfsimilar/selfsimilar_num_exp.png>]
<../thesis/figuras/chap5/Ux/Ux_gas/Ux_gas5.png, id=117, 433.62pt x 266.6763pt>
File: ../thesis/figuras/chap5/Ux/Ux_gas/Ux_gas5.png Graphic file (type png)

<use ../thesis/figuras/chap5/Ux/Ux_gas/Ux_gas5.png>
<../thesis/figuras/chap5/Ux/Ux_gas/Ux_gas10.png, id=118, 433.62pt x 266.6763pt>
File: ../thesis/figuras/chap5/Ux/Ux_gas/Ux_gas10.png Graphic file (type png)
<use ../thesis/figuras/chap5/Ux/Ux_gas/Ux_gas10.png>
<../thesis/figuras/chap5/Ux/Ux_gas/Ux_gas15.png, id=119, 433.62pt x 266.6763pt>
File: ../thesis/figuras/chap5/Ux/Ux_gas/Ux_gas15.png Graphic file (type png)
<use ../thesis/figuras/chap5/Ux/Ux_gas/Ux_gas15.png>
<../thesis/figuras/chap5/Ux/Ux_gas/Ux_gas20.png, id=120, 433.62pt x 266.6763pt>
File: ../thesis/figuras/chap5/Ux/Ux_gas/Ux_gas20.png Graphic file (type png)
<use ../thesis/figuras/chap5/Ux/Ux_gas/Ux_gas20.png>
<../thesis/figuras/chap5/Ux/Ux_gas/Ux_gas25.png, id=121, 433.62pt x 266.6763pt>
File: ../thesis/figuras/chap5/Ux/Ux_gas/Ux_gas25.png Graphic file (type png)
<use ../thesis/figuras/chap5/Ux/Ux_gas/Ux_gas25.png>
Overfull \hbox (24.0pt too wide) in paragraph at lines 38--46
 [][] 
 []

[28

 <../thesis/figuras/chap5/Ux/Ux_gas/Ux_gas5.png> <../thesis/figuras/chap5/Ux/Ux
_gas/Ux_gas10.png> <../thesis/figuras/chap5/Ux/Ux_gas/Ux_gas15.png> <../thesis/
figuras/chap5/Ux/Ux_gas/Ux_gas20.png> <../thesis/figuras/chap5/Ux/Ux_gas/Ux_gas
25.png>]
<../thesis/figuras/chap5/UU/UUx5.png, id=130, 433.62pt x 266.6763pt>
File: ../thesis/figuras/chap5/UU/UUx5.png Graphic file (type png)

<use ../thesis/figuras/chap5/UU/UUx5.png>
<../thesis/figuras/chap5/UU/UUx10.png, id=131, 433.62pt x 266.6763pt>
File: ../thesis/figuras/chap5/UU/UUx10.png Graphic file (type png)

<use ../thesis/figuras/chap5/UU/UUx10.png>
<../thesis/figuras/chap5/UU/UUx15.png, id=132, 433.62pt x 266.6763pt>
File: ../thesis/figuras/chap5/UU/UUx15.png Graphic file (type png)

<use ../thesis/figuras/chap5/UU/UUx15.png>
<../thesis/figuras/chap5/UU/UUx20.png, id=133, 433.62pt x 266.6763pt>
File: ../thesis/figuras/chap5/UU/UUx20.png Graphic file (type png)

<use ../thesis/figuras/chap5/UU/UUx20.png>
<../thesis/figuras/chap5/UU/UUx25.png, id=134, 433.62pt x 266.6763pt>
File: ../thesis/figuras/chap5/UU/UUx25.png Graphic file (type png)

<use ../thesis/figuras/chap5/UU/UUx25.png>
Overfull \hbox (24.0pt too wide) in paragraph at lines 54--62
 [][] 
 []

[29

 <../thesis/figuras/chap5/UU/UUx5.png> <../thesis/figuras/chap5/UU/UUx10.png> <
../thesis/figuras/chap5/UU/UUx15.png> <../thesis/figuras/chap5/UU/UUx20.png> <.
./thesis/figuras/chap5/UU/UUx25.png>]
<../thesis/figuras/chap5/Ux/Ux_drops/Ux_x5.png, id=143, 433.62pt x 266.6763pt>
File: ../thesis/figuras/chap5/Ux/Ux_drops/Ux_x5.png Graphic file (type png)

<use ../thesis/figuras/chap5/Ux/Ux_drops/Ux_x5.png>
<../thesis/figuras/chap5/Ux/Ux_drops/Ux_x10.png, id=144, 433.62pt x 266.6763pt>
File: ../thesis/figuras/chap5/Ux/Ux_drops/Ux_x10.png Graphic file (type png)
<use ../thesis/figuras/chap5/Ux/Ux_drops/Ux_x10.png>
<../thesis/figuras/chap5/Ux/Ux_drops/Ux_x15.png, id=145, 433.62pt x 266.6763pt>
File: ../thesis/figuras/chap5/Ux/Ux_drops/Ux_x15.png Graphic file (type png)
<use ../thesis/figuras/chap5/Ux/Ux_drops/Ux_x15.png>
<../thesis/figuras/chap5/Ux/Ux_drops/Ux_x20.png, id=146, 433.62pt x 266.6763pt>
File: ../thesis/figuras/chap5/Ux/Ux_drops/Ux_x20.png Graphic file (type png)
<use ../thesis/figuras/chap5/Ux/Ux_drops/Ux_x20.png>
<../thesis/figuras/chap5/Ux/Ux_drops/Ux_x25.png, id=147, 433.62pt x 266.6763pt>
File: ../thesis/figuras/chap5/Ux/Ux_drops/Ux_x25.png Graphic file (type png)
<use ../thesis/figuras/chap5/Ux/Ux_drops/Ux_x25.png>
Overfull \hbox (24.0pt too wide) in paragraph at lines 70--78
 [][] 
 []

[30

 <../thesis/figuras/chap5/Ux/Ux_drops/Ux_x5.png> <../thesis/figuras/chap5/Ux/Ux
_drops/Ux_x10.png> <../thesis/figuras/chap5/Ux/Ux_drops/Ux_x15.png> <../thesis/
figuras/chap5/Ux/Ux_drops/Ux_x20.png> <../thesis/figuras/chap5/Ux/Ux_drops/Ux_x
25.png>]
<../thesis/figuras/chap5/massflow/drop_mflux.png, id=156, 505.89pt x 311.4837pt
>
File: ../thesis/figuras/chap5/massflow/drop_mflux.png Graphic file (type png)
 <use ../thesis/figuras/chap5/massflow/drop_mflux.png> [31

 <../thesis/figuras/chap5/massflow/drop_mflux.png>]
<../thesis/figuras/chap5/massflow/mvapor5.png, id=162, 433.62pt x 266.6763pt>
File: ../thesis/figuras/chap5/massflow/mvapor5.png Graphic file (type png)

<use ../thesis/figuras/chap5/massflow/mvapor5.png>
<../thesis/figuras/chap5/massflow/mvapor10.png, id=163, 433.62pt x 266.6763pt>
File: ../thesis/figuras/chap5/massflow/mvapor10.png Graphic file (type png)

<use ../thesis/figuras/chap5/massflow/mvapor10.png>
<../thesis/figuras/chap5/massflow/mvapor15.png, id=164, 433.62pt x 266.6763pt>
File: ../thesis/figuras/chap5/massflow/mvapor15.png Graphic file (type png)

<use ../thesis/figuras/chap5/massflow/mvapor15.png>
<../thesis/figuras/chap5/massflow/mvapor20.png, id=165, 433.62pt x 266.6763pt>
File: ../thesis/figuras/chap5/massflow/mvapor20.png Graphic file (type png)

<use ../thesis/figuras/chap5/massflow/mvapor20.png> [32

 <../thesis/figuras/chap5/massflow/mvapor5.png> <../thesis/figuras/chap5/massfl
ow/mvapor10.png> <../thesis/figuras/chap5/massflow/mvapor15.png> <../thesis/fig
uras/chap5/massflow/mvapor20.png>]
<../thesis/figuras/chap5/smd/smd5.png, id=173, 433.62pt x 266.6763pt>
File: ../thesis/figuras/chap5/smd/smd5.png Graphic file (type png)

<use ../thesis/figuras/chap5/smd/smd5.png>
<../thesis/figuras/chap5/smd/smd15.png, id=174, 433.62pt x 266.6763pt>
File: ../thesis/figuras/chap5/smd/smd15.png Graphic file (type png)

<use ../thesis/figuras/chap5/smd/smd15.png>
<../thesis/figuras/chap5/smd/smd25.png, id=175, 433.62pt x 266.6763pt>
File: ../thesis/figuras/chap5/smd/smd25.png Graphic file (type png)

<use ../thesis/figuras/chap5/smd/smd25.png> [33

 <../thesis/figuras/chap5/smd/smd5.png> <../thesis/figuras/chap5/smd/smd15.png>
 <../thesis/figuras/chap5/smd/smd25.png>]) (./paper.lot)
\tf@lot=\write8
\openout8 = `paper.lot'.

 [34


] (./paper.ttt [35] [36]) (./paper.aux) ) 
Here is how much of TeX's memory you used:
 4020 strings out of 495061
 58302 string characters out of 1182620
 119975 words of memory out of 3000000
 7107 multiletter control sequences out of 15000+50000
 12953 words of font info for 49 fonts, out of 3000000 for 9000
 28 hyphenation exceptions out of 8191
 44i,15n,46p,1032b,471s stack positions out of 5000i,500n,10000p,200000b,50000s
</usr/share/texmf-texlive/fonts/type1/
public/amsfonts/cm/cmbx12.pfb></usr/share/texmf-texlive/fonts/type1/public/amsf
onts/cm/cmbx8.pfb></usr/share/texmf-texlive/fonts/type1/public/amsfonts/cm/cmbx
ti10.pfb></usr/share/texmf-texlive/fonts/type1/public/amsfonts/cm/cmex10.pfb></
usr/share/texmf-texlive/fonts/type1/public/amsfonts/cm/cmmi12.pfb></usr/share/t
exmf-texlive/fonts/type1/public/amsfonts/cm/cmmi6.pfb></usr/share/texmf-texlive
/fonts/type1/public/amsfonts/cm/cmmi8.pfb></usr/share/texmf-texlive/fonts/type1
/public/amsfonts/cm/cmr10.pfb></usr/share/texmf-texlive/fonts/type1/public/amsf
onts/cm/cmr12.pfb></usr/share/texmf-texlive/fonts/type1/public/amsfonts/cm/cmr1
7.pfb></usr/share/texmf-texlive/fonts/type1/public/amsfonts/cm/cmr8.pfb></usr/s
hare/texmf-texlive/fonts/type1/public/amsfonts/cm/cmsy10.pfb></usr/share/texmf-
texlive/fonts/type1/public/amsfonts/cm/cmsy6.pfb></usr/share/texmf-texlive/font
s/type1/public/amsfonts/cm/cmsy7.pfb></usr/share/texmf-texlive/fonts/type1/publ
ic/amsfonts/cm/cmsy8.pfb></usr/share/texmf-texlive/fonts/type1/public/amsfonts/
cm/cmti10.pfb></usr/share/texmf-texlive/fonts/type1/public/amsfonts/cm/cmti12.p
fb>
Output written on paper.pdf (36 pages, 959228 bytes).
PDF statistics:
 244 PDF objects out of 1000 (max. 8388607)
 0 named destinations out of 1000 (max. 500000)
 146 words of extra memory for PDF output out of 10000 (max. 10000000)

